<?xml version="1.0" encoding="UTF-8"?>
<!-- Generated by org.testng.reporters.JUnitReportReporter -->
<testsuite hostname="PC-20160506OGFT" name="com.young.appiumdemo.AppiumSeekBarTest" tests="1" failures="0" timestamp="7 Sep 2016 08:07:50 GMT" time="5.898" errors="0">
  <testcase name="testSeekbar" time="5.898" classname="com.young.appiumdemo.AppiumSeekBarTest"/>
</testsuite> <!-- com.young.appiumdemo.AppiumSeekBarTest -->
