<?xml version="1.0" encoding="UTF-8"?>
<!-- Generated by org.testng.reporters.JUnitReportReporter -->
<testsuite hostname="DESKTOP-790N287" name="com.young.appiumdemo.AppiumSpinnerTest" tests="1" failures="0" timestamp="26 May 2016 02:01:50 GMT" time="16.891" errors="0">
  <testcase name="testSpinner" time="16.891" classname="com.young.appiumdemo.AppiumSpinnerTest"/>
</testsuite> <!-- com.young.appiumdemo.AppiumSpinnerTest -->
