<?xml version="1.0" encoding="UTF-8"?>
<!-- Generated by org.testng.reporters.JUnitReportReporter -->
<testsuite hostname="PC-20160506OGFT" name="com.young.appiumdemo.AppiumScreenShotTest" tests="1" failures="0" timestamp="7 Sep 2016 08:15:25 GMT" time="1.902" errors="0">
  <testcase name="screenshot" time="1.902" classname="com.young.appiumdemo.AppiumScreenShotTest"/>
</testsuite> <!-- com.young.appiumdemo.AppiumScreenShotTest -->
