<?xml version="1.0" encoding="UTF-8"?>
<!-- Generated by org.testng.reporters.JUnitReportReporter -->
<testsuite hostname="DESKTOP-790N287" name="com.young.appiumdemo.AppiumSwipeTest" tests="1" failures="0" timestamp="25 May 2016 14:09:40 GMT" time="7.612" errors="0">
  <testcase name="swipe" time="7.612" classname="com.young.appiumdemo.AppiumSwipeTest"/>
</testsuite> <!-- com.young.appiumdemo.AppiumSwipeTest -->
