<?xml version="1.0" encoding="UTF-8"?>
<!-- Generated by org.testng.reporters.JUnitReportReporter -->
<testsuite hostname="DESKTOP-790N287" name="com.young.appiumdemo.AppiumHandleAlertTest" tests="1" failures="0" timestamp="23 May 2016 13:30:46 GMT" time="10.764" errors="0">
  <testcase name="handleAlert" time="10.764" classname="com.young.appiumdemo.AppiumHandleAlertTest"/>
</testsuite> <!-- com.young.appiumdemo.AppiumHandleAlertTest -->
