<?xml version="1.0" encoding="UTF-8"?>
<!-- Generated by org.testng.reporters.JUnitReportReporter -->
<testsuite hostname="PC-20160506OGFT" name="com.young.appiumdemo.AppiumSpinnerTest" tests="1" failures="0" timestamp="7 Sep 2016 08:05:43 GMT" time="18.581" errors="0">
  <testcase name="testSpinner" time="18.581" classname="com.young.appiumdemo.AppiumSpinnerTest"/>
</testsuite> <!-- com.young.appiumdemo.AppiumSpinnerTest -->
