<?xml version="1.0" encoding="UTF-8"?>
<!-- Generated by org.testng.reporters.JUnitReportReporter -->
<testsuite hostname="DESKTOP-790N287" name="com.young.appiumdemo.AppiumTest" tests="1" failures="0" timestamp="21 May 2016 07:24:01 GMT" time="3.983" errors="0">
  <testcase name="addContact" time="3.983" classname="com.young.appiumdemo.AppiumTest"/>
</testsuite> <!-- com.young.appiumdemo.AppiumTest -->
