<?xml version="1.0" encoding="UTF-8"?>
<!-- Generated by org.testng.reporters.JUnitReportReporter -->
<testsuite hostname="PC-20160506OGFT" name="com.young.appiumdemo.AppiumHandleAlertTest" tests="1" failures="0" timestamp="7 Sep 2016 08:01:13 GMT" time="14.893" errors="0">
  <testcase name="handleAlert" time="14.893" classname="com.young.appiumdemo.AppiumHandleAlertTest"/>
</testsuite> <!-- com.young.appiumdemo.AppiumHandleAlertTest -->
