<?xml version="1.0" encoding="UTF-8"?>
<!-- Generated by org.testng.reporters.JUnitReportReporter -->
<testsuite hostname="DESKTOP-790N287" name="com.young.appiumdemo.AppiumSeekBarTest" tests="1" failures="0" timestamp="26 May 2016 07:52:09 GMT" time="3.440" errors="0">
  <testcase name="testSeekbar" time="3.440" classname="com.young.appiumdemo.AppiumSeekBarTest"/>
</testsuite> <!-- com.young.appiumdemo.AppiumSeekBarTest -->
