<?xml version="1.0" encoding="UTF-8"?>
<!-- Generated by org.testng.reporters.JUnitReportReporter -->
<testsuite hostname="DESKTOP-790N287" name="com.young.appiumdemo.AppiumScreenShotTest" tests="1" failures="0" timestamp="26 May 2016 08:32:23 GMT" time="0.799" errors="0">
  <testcase name="testSeekbar" time="0.799" classname="com.young.appiumdemo.AppiumScreenShotTest"/>
</testsuite> <!-- com.young.appiumdemo.AppiumScreenShotTest -->
