<?xml version="1.0" encoding="UTF-8"?>
<!-- Generated by org.testng.reporters.JUnitReportReporter -->
<testsuite hostname="PC-20160506OGFT" name="com.young.appiumlocatedemo.AppiumLocateTestByClassName" tests="1" failures="0" timestamp="7 Sep 2016 06:30:44 GMT" time="10.491" errors="0">
  <testcase name="addContact" time="10.491" classname="com.young.appiumlocatedemo.AppiumLocateTestByClassName"/>
</testsuite> <!-- com.young.appiumlocatedemo.AppiumLocateTestByClassName -->
