<?xml version="1.0" encoding="UTF-8"?>
<!-- Generated by org.testng.reporters.JUnitReportReporter -->
<testsuite hostname="PC-20160506OGFT" name="com.young.appiumlocatedemo.AppiumLocateTestByID" tests="1" failures="0" timestamp="7 Sep 2016 04:01:37 GMT" time="11.488" errors="0">
  <testcase name="addContact" time="11.488" classname="com.young.appiumlocatedemo.AppiumLocateTestByID"/>
</testsuite> <!-- com.young.appiumlocatedemo.AppiumLocateTestByID -->
