<?xml version="1.0" encoding="UTF-8"?>
<!-- Generated by org.testng.reporters.JUnitReportReporter -->
<testsuite hostname="PC-20160506OGFT" name="com.young.appiumlocatedemo.AppiumLocateTestByAndroidUIAutomator" tests="1" failures="0" timestamp="7 Sep 2016 06:25:21 GMT" time="14.541" errors="0">
  <testcase name="addContact" time="14.541" classname="com.young.appiumlocatedemo.AppiumLocateTestByAndroidUIAutomator"/>
</testsuite> <!-- com.young.appiumlocatedemo.AppiumLocateTestByAndroidUIAutomator -->
