<?xml version="1.0" encoding="UTF-8"?>
<!-- Generated by org.testng.reporters.JUnitReportReporter -->
<testsuite hostname="PC-20160506OGFT" name="com.young.appiumlocatedemo.AppiumLocateTestByXpath" tests="1" failures="0" timestamp="7 Sep 2016 06:27:04 GMT" time="11.818" errors="0">
  <testcase name="addContact" time="11.818" classname="com.young.appiumlocatedemo.AppiumLocateTestByXpath"/>
</testsuite> <!-- com.young.appiumlocatedemo.AppiumLocateTestByXpath -->
