<?xml version="1.0" encoding="UTF-8"?>
<!-- Generated by org.testng.reporters.JUnitReportReporter -->
<testsuite hostname="PC-20160506OGFT" name="com.young.appiumlocatedemo.AppiumLocateTestByAccessibilityId" tests="1" failures="0" timestamp="7 Sep 2016 06:29:11 GMT" time="11.477" errors="0">
  <testcase name="addContact" time="11.477" classname="com.young.appiumlocatedemo.AppiumLocateTestByAccessibilityId"/>
</testsuite> <!-- com.young.appiumlocatedemo.AppiumLocateTestByAccessibilityId -->
