<?xml version="1.0" encoding="UTF-8"?>
<!-- Generated by org.testng.reporters.JUnitReportReporter -->
<testsuite hostname="PC-20160506OGFT" name="com.young.appiumlocatedemo.AppiumLocateTestByName" tests="1" failures="0" timestamp="7 Sep 2016 06:26:14 GMT" time="11.642" errors="0">
  <testcase name="addContact" time="11.642" classname="com.young.appiumlocatedemo.AppiumLocateTestByName"/>
</testsuite> <!-- com.young.appiumlocatedemo.AppiumLocateTestByName -->
